nohup: ignoring input
Gym has been unmaintained since 2022 and does not support NumPy 2.0 amongst other critical functionality.
Please upgrade to Gymnasium, the maintained drop-in replacement of Gym, or contact the authors of your software and request that they upgrade.
Users of this version of Gym should be able to simply replace 'import gym' with 'import gymnasium as gym' in the vast majority of cases.
See the migration guide at https://gymnasium.farama.org/introduction/migration_guide/ for additional information.
Initializing Real DreamerV3 on cuda (Pendulum-v1)...
Logging to benchmark/06_dreamer_v3/2026-04-15-1776216862
Warming up buffer...
/venv/main/lib/python3.12/site-packages/gym/utils/passive_env_checker.py:233: DeprecationWarning: `np.bool8` is a deprecated alias for `np.bool_`.  (Deprecated NumPy 1.24)
  if not isinstance(terminated, (bool, np.bool8)):
Starting Training Loop...
Step 1200 | Return: -1334.97
Step 1400 | Return: -968.93
Step 1500 | Model: 2.11 | Actor: 50.34 | Critic: 2.03 | KL: 1.32
Step 1600 | Return: -886.72
Step 1800 | Return: -130.82
Step 2000 | Return: -258.67
Step 2000 | Model: 1.99 | Actor: 61.45 | Critic: 1.63 | KL: 1.36
Step 2200 | Return: -241.83
Step 2400 | Return: -259.96
Step 2500 | Model: 1.89 | Actor: 60.85 | Critic: 1.62 | KL: 1.28
Step 2600 | Return: -249.92
Step 2800 | Return: -5.91
Step 3000 | Return: -124.80
Step 3000 | Model: 1.79 | Actor: 51.97 | Critic: 1.25 | KL: 1.27
Step 3200 | Return: -120.07
Step 3400 | Return: -125.87
Step 3500 | Model: 1.72 | Actor: 42.11 | Critic: 1.09 | KL: 1.23
Step 3600 | Return: -126.00
Step 3800 | Return: -122.92
Step 4000 | Return: -428.55
Step 4000 | Model: 1.66 | Actor: 38.94 | Critic: 3.20 | KL: 1.20
Step 4200 | Return: -123.48
Step 4400 | Return: -134.39
Step 4500 | Model: 1.56 | Actor: 54.06 | Critic: 0.91 | KL: 1.13
Step 4600 | Return: -124.08
Step 4800 | Return: -386.62
Step 5000 | Return: -388.38
Step 5000 | Model: 1.62 | Actor: 46.46 | Critic: 0.99 | KL: 1.16
Step 5200 | Return: -389.11
Step 5400 | Return: -133.74
Step 5500 | Model: 1.58 | Actor: 52.20 | Critic: 1.02 | KL: 1.15
Step 5600 | Return: -123.35
Step 5800 | Return: -126.39
Step 6000 | Return: -423.33
Step 6000 | Model: 1.56 | Actor: 59.29 | Critic: 1.00 | KL: 1.11
Step 6200 | Return: -379.63
Step 6400 | Return: -124.67
Step 6500 | Model: 1.49 | Actor: 33.71 | Critic: 0.95 | KL: 1.09
Step 6600 | Return: -125.34
Step 6800 | Return: -125.98
Step 7000 | Return: -412.41
Step 7000 | Model: 1.61 | Actor: 44.29 | Critic: 1.23 | KL: 1.17
Step 7200 | Return: -125.66
Step 7400 | Return: -121.50
Step 7500 | Model: 1.55 | Actor: 66.59 | Critic: 0.95 | KL: 1.14
Step 7600 | Return: -540.32
Step 7800 | Return: -251.00
Step 8000 | Return: -377.01
Step 8000 | Model: 1.49 | Actor: 18.81 | Critic: 0.75 | KL: 1.13
Step 8200 | Return: -250.59
Step 8400 | Return: -128.89
Step 8500 | Model: 1.61 | Actor: 58.27 | Critic: 0.84 | KL: 1.17
Step 8600 | Return: -129.10
Step 8800 | Return: -368.05
Step 9000 | Return: -390.80
Step 9000 | Model: 1.47 | Actor: 45.46 | Critic: 1.12 | KL: 1.11
Step 9200 | Return: -477.90
Step 9400 | Return: -736.71
Step 9500 | Model: 1.55 | Actor: 41.46 | Critic: 1.00 | KL: 1.16
Step 9600 | Return: -127.50
Step 9800 | Return: -518.89
Step 10000 | Return: -121.07
Step 10000 | Model: 1.63 | Actor: 82.20 | Critic: 0.96 | KL: 1.18
Step 10200 | Return: -126.63
Step 10400 | Return: -395.37
Step 10500 | Model: 1.52 | Actor: 49.70 | Critic: 0.99 | KL: 1.12
Step 10600 | Return: -127.86
Step 10800 | Return: -399.22
Step 11000 | Return: -122.18
Step 11000 | Model: 1.56 | Actor: 62.05 | Critic: 0.95 | KL: 1.13
Step 11200 | Return: -126.05
Step 11400 | Return: -535.85
Step 11500 | Model: 1.52 | Actor: 62.44 | Critic: 1.02 | KL: 1.11
Step 11600 | Return: -382.22
Step 11800 | Return: -419.98
